# JRE version: OpenJDK Runtime Environment (8.0_121-b13) (build 1.8.0_121-b13)
# Java VM: OpenJDK 64-Bit Server VM (25.121-b13 mixed mode linux-amd64 compressed oops)
Heap:
 PSYoungGen      total 32256K, used 4949K [0x0000000781780000, 0x0000000783b00000, 0x00000007c0000000)
  eden space 28160K, 13% used [0x0000000781780000,0x0000000781b35330,0x0000000783300000)
  from space 4096K, 28% used [0x0000000783700000,0x0000000783820100,0x0000000783b00000)
  to   space 4096K, 0% used [0x0000000783300000,0x0000000783300000,0x0000000783700000)
 ParOldGen       total 120320K, used 55529K [0x0000000704600000, 0x000000070bb80000, 0x0000000781780000)
  object space 120320K, 46% used [0x0000000704600000,0x0000000707c3a438,0x000000070bb80000)
 Metaspace       used 8709K, capacity 8816K, committed 8960K, reserved 1056768K
  class space    used 727K, capacity 758K, committed 768K, reserved 1048576K
GC Heap History (10 events):
Event: 23978.320 GC heap before
{Heap before GC invocations=346 (full 6):
 PSYoungGen      total 33280K, used 29504K [0x0000000781780000, 0x0000000783d00000, 0x00000007c0000000)
  eden space 28160K, 100% used [0x0000000781780000,0x0000000783300000,0x0000000783300000)
  from space 5120K, 26% used [0x0000000783300000,0x0000000783450140,0x0000000783800000)
  to   space 5120K, 0% used [0x0000000783800000,0x0000000783800000,0x0000000783d00000)
 ParOldGen       total 120320K, used 55337K [0x0000000704600000, 0x000000070bb80000, 0x0000000781780000)
  object space 120320K, 45% used [0x0000000704600000,0x0000000707c0a438,0x000000070bb80000)
 Metaspace       used 8709K, capacity 8816K, committed 8960K, reserved 1056768K
  class space    used 727K, capacity 758K, committed 768K, reserved 1048576K
Event: 23978.322 GC heap after
Heap after GC invocations=346 (full 6):
 PSYoungGen      total 32256K, used 1328K [0x0000000781780000, 0x0000000783c00000, 0x00000007c0000000)
  eden space 28160K, 0% used [0x0000000781780000,0x0000000781780000,0x0000000783300000)
  from space 4096K, 32% used [0x0000000783800000,0x000000078394c150,0x0000000783c00000)
  to   space 4608K, 0% used [0x0000000783300000,0x0000000783300000,0x0000000783780000)
 ParOldGen       total 120320K, used 55377K [0x0000000704600000, 0x000000070bb80000, 0x0000000781780000)
  object space 120320K, 46% used [0x0000000704600000,0x0000000707c14438,0x000000070bb80000)
 Metaspace       used 8709K, capacity 8816K, committed 8960K, reserved 1056768K
  class space    used 727K, capacity 758K, committed 768K, reserved 1048576K
}
Event: 23980.145 GC heap before
{Heap before GC invocations=347 (full 6):
 PSYoungGen      total 32256K, used 29488K [0x0000000781780000, 0x0000000783c00000, 0x00000007c0000000)
  eden space 28160K, 100% used [0x0000000781780000,0x0000000783300000,0x0000000783300000)
  from space 4096K, 32% used [0x0000000783800000,0x000000078394c150,0x0000000783c00000)
  to   space 4608K, 0% used [0x0000000783300000,0x0000000783300000,0x0000000783780000)
 ParOldGen       total 120320K, used 55377K [0x0000000704600000, 0x000000070bb80000, 0x0000000781780000)
  object space 120320K, 46% used [0x0000000704600000,0x0000000707c14438,0x000000070bb80000)
 Metaspace       used 8709K, capacity 8816K, committed 8960K, reserved 1056768K
  class space    used 727K, capacity 758K, committed 768K, reserved 1048576K
Event: 23980.147 GC heap after
Heap after GC invocations=347 (full 6):
 PSYoungGen      total 32768K, used 1504K [0x0000000781780000, 0x0000000783c00000, 0x00000007c0000000)
  eden space 28160K, 0% used [0x0000000781780000,0x0000000781780000,0x0000000783300000)
  from space 4608K, 32% used [0x0000000783300000,0x0000000783478180,0x0000000783780000)
  to   space 4608K, 0% used [0x0000000783780000,0x0000000783780000,0x0000000783c00000)
 ParOldGen       total 120320K, used 55401K [0x0000000704600000, 0x000000070bb80000, 0x0000000781780000)
  object space 120320K, 46% used [0x0000000704600000,0x0000000707c1a438,0x000000070bb80000)
 Metaspace       used 8709K, capacity 8816K, committed 8960K, reserved 1056768K
  class space    used 727K, capacity 758K, committed 768K, reserved 1048576K
}
Event: 23982.165 GC heap before
{Heap before GC invocations=348 (full 6):
 PSYoungGen      total 32768K, used 29664K [0x0000000781780000, 0x0000000783c00000, 0x00000007c0000000)
  eden space 28160K, 100% used [0x0000000781780000,0x0000000783300000,0x0000000783300000)
  from space 4608K, 32% used [0x0000000783300000,0x0000000783478180,0x0000000783780000)
  to   space 4608K, 0% used [0x0000000783780000,0x0000000783780000,0x0000000783c00000)
 ParOldGen       total 120320K, used 55401K [0x0000000704600000, 0x000000070bb80000, 0x0000000781780000)
  object space 120320K, 46% used [0x0000000704600000,0x0000000707c1a438,0x000000070bb80000)
 Metaspace       used 8709K, capacity 8816K, committed 8960K, reserved 1056768K
  class space    used 727K, capacity 758K, committed 768K, reserved 1048576K
Event: 23982.168 GC heap after
Heap after GC invocations=348 (full 6):
 PSYoungGen      total 31744K, used 1600K [0x0000000781780000, 0x0000000783b00000, 0x00000007c0000000)
  eden space 28160K, 0% used [0x0000000781780000,0x0000000781780000,0x0000000783300000)
  from space 3584K, 44% used [0x0000000783780000,0x00000007839101a0,0x0000000783b00000)
  to   space 4096K, 0% used [0x0000000783300000,0x0000000783300000,0x0000000783700000)
 ParOldGen       total 120320K, used 55449K [0x0000000704600000, 0x000000070bb80000, 0x0000000781780000)
  object space 120320K, 46% used [0x0000000704600000,0x0000000707c26438,0x000000070bb80000)
 Metaspace       used 8709K, capacity 8816K, committed 8960K, reserved 1056768K
  class space    used 727K, capacity 758K, committed 768K, reserved 1048576K
}
Event: 23984.187 GC heap before
{Heap before GC invocations=349 (full 6):
 PSYoungGen      total 31744K, used 29760K [0x0000000781780000, 0x0000000783b00000, 0x00000007c0000000)
  eden space 28160K, 100% used [0x0000000781780000,0x0000000783300000,0x0000000783300000)
  from space 3584K, 44% used [0x0000000783780000,0x00000007839101a0,0x0000000783b00000)
  to   space 4096K, 0% used [0x0000000783300000,0x0000000783300000,0x0000000783700000)
 ParOldGen       total 120320K, used 55449K [0x0000000704600000, 0x000000070bb80000, 0x0000000781780000)
  object space 120320K, 46% used [0x0000000704600000,0x0000000707c26438,0x000000070bb80000)
 Metaspace       used 8709K, capacity 8816K, committed 8960K, reserved 1056768K
  class space    used 727K, capacity 758K, committed 768K, reserved 1048576K
Event: 23984.189 GC heap after
Heap after GC invocations=349 (full 6):
 PSYoungGen      total 32256K, used 1600K [0x0000000781780000, 0x0000000783b00000, 0x00000007c0000000)
  eden space 28160K, 0% used [0x0000000781780000,0x0000000781780000,0x0000000783300000)
  from space 4096K, 39% used [0x0000000783300000,0x00000007834901a0,0x0000000783700000)
  to   space 4096K, 0% used [0x0000000783700000,0x0000000783700000,0x0000000783b00000)
 ParOldGen       total 120320K, used 55497K [0x0000000704600000, 0x000000070bb80000, 0x0000000781780000)
  object space 120320K, 46% used [0x0000000704600000,0x0000000707c32438,0x000000070bb80000)
 Metaspace       used 8709K, capacity 8816K, committed 8960K, reserved 1056768K
  class space    used 727K, capacity 758K, committed 768K, reserved 1048576K
}
Event: 23985.645 GC heap before
{Heap before GC invocations=350 (full 6):
 PSYoungGen      total 32256K, used 29760K [0x0000000781780000, 0x0000000783b00000, 0x00000007c0000000)
  eden space 28160K, 100% used [0x0000000781780000,0x0000000783300000,0x0000000783300000)
  from space 4096K, 39% used [0x0000000783300000,0x00000007834901a0,0x0000000783700000)
  to   space 4096K, 0% used [0x0000000783700000,0x0000000783700000,0x0000000783b00000)
 ParOldGen       total 120320K, used 55497K [0x0000000704600000, 0x000000070bb80000, 0x0000000781780000)
  object space 120320K, 46% used [0x0000000704600000,0x0000000707c32438,0x000000070bb80000)
 Metaspace       used 8709K, capacity 8816K, committed 8960K, reserved 1056768K
  class space    used 727K, capacity 758K, committed 768K, reserved 1048576K
Event: 23985.647 GC heap after
Heap after GC invocations=350 (full 6):
 PSYoungGen      total 32256K, used 1152K [0x0000000781780000, 0x0000000783b00000, 0x00000007c0000000)
  eden space 28160K, 0% used [0x0000000781780000,0x0000000781780000,0x0000000783300000)
  from space 4096K, 28% used [0x0000000783700000,0x0000000783820100,0x0000000783b00000)
  to   space 4096K, 0% used [0x0000000783300000,0x0000000783300000,0x0000000783700000)
 ParOldGen       total 120320K, used 55529K [0x0000000704600000, 0x000000070bb80000, 0x0000000781780000)
  object space 120320K, 46% used [0x0000000704600000,0x0000000707c3a438,0x000000070bb80000)
 Metaspace       used 8709K, capacity 8816K, committed 8960K, reserved 1056768K
  class space    used 727K, capacity 758K, committed 768K, reserved 1048576K
}

